2025-01-15 17:02:26.869 | INFO     | utils.utils_logger:<module>:38 - Logging to file: logs\project_log.log
2025-01-15 17:02:26.871 | INFO     | __main__:main:103 - START producer.
2025-01-15 17:02:26.871 | INFO     | utils.utils_producer:get_zookeeper_address:57 - Zookeeper address: localhost:2181
2025-01-15 17:02:26.876 | INFO     | utils.utils_producer:check_zookeeper_service_is_ready:79 - Zookeeper is ready at localhost:2181.
2025-01-15 17:02:26.876 | INFO     | utils.utils_producer:get_kafka_broker_address:50 - Kafka broker address: localhost:9092
2025-01-15 17:02:29.119 | ERROR    | utils.utils_producer:check_kafka_service_is_ready:102 - Error checking Kafka: NodeNotReadyError
2025-01-15 17:02:29.123 | ERROR    | utils.utils_producer:verify_services:121 - Kafka broker is not ready. Please check your Kafka setup. Exiting...
2025-01-15 17:05:13.941 | INFO     | utils.utils_logger:<module>:38 - Logging to file: logs\project_log.log
2025-01-15 17:05:13.942 | INFO     | __main__:main:103 - START producer.
2025-01-15 17:05:13.942 | INFO     | utils.utils_producer:get_zookeeper_address:57 - Zookeeper address: localhost:2181
2025-01-15 17:05:13.948 | INFO     | utils.utils_producer:check_zookeeper_service_is_ready:79 - Zookeeper is ready at localhost:2181.
2025-01-15 17:05:13.948 | INFO     | utils.utils_producer:get_kafka_broker_address:50 - Kafka broker address: localhost:9092
2025-01-15 17:05:15.969 | ERROR    | utils.utils_producer:check_kafka_service_is_ready:102 - Error checking Kafka: NoBrokersAvailable
2025-01-15 17:05:15.970 | ERROR    | utils.utils_producer:verify_services:121 - Kafka broker is not ready. Please check your Kafka setup. Exiting...
2025-01-15 17:10:44.766 | INFO     | utils.utils_logger:<module>:38 - Logging to file: logs\project_log.log
2025-01-15 17:10:44.768 | INFO     | __main__:main:103 - START producer.
2025-01-15 17:10:44.768 | INFO     | utils.utils_producer:get_zookeeper_address:57 - Zookeeper address: localhost:2181
2025-01-15 17:10:44.773 | INFO     | utils.utils_producer:check_zookeeper_service_is_ready:79 - Zookeeper is ready at localhost:2181.
2025-01-15 17:10:44.773 | INFO     | utils.utils_producer:get_kafka_broker_address:50 - Kafka broker address: localhost:9092
2025-01-15 17:10:46.776 | ERROR    | utils.utils_producer:check_kafka_service_is_ready:102 - Error checking Kafka: NoBrokersAvailable
2025-01-15 17:10:46.777 | ERROR    | utils.utils_producer:verify_services:121 - Kafka broker is not ready. Please check your Kafka setup. Exiting...
2025-01-15 17:22:36.166 | INFO     | utils.utils_logger:<module>:38 - Logging to file: logs\project_log.log
2025-01-15 17:22:36.168 | INFO     | __main__:main:103 - START producer.
2025-01-15 17:22:36.168 | INFO     | utils.utils_producer:get_zookeeper_address:57 - Zookeeper address: localhost:2181
2025-01-15 17:22:36.174 | INFO     | utils.utils_producer:check_zookeeper_service_is_ready:79 - Zookeeper is ready at localhost:2181.
2025-01-15 17:22:36.175 | INFO     | utils.utils_producer:get_kafka_broker_address:50 - Kafka broker address: localhost:9092
2025-01-15 17:22:36.502 | INFO     | utils.utils_producer:check_kafka_service_is_ready:98 - Kafka is ready. Brokers: {'throttle_time_ms': 0, 'brokers': [{'node_id': 0, 'host': 'localhost', 'port': 9092, 'rack': None}], 'cluster_id': 'VEcghSriSHi0MGSlhHxppg', 'controller_id': 0}
2025-01-15 17:22:36.502 | INFO     | __main__:get_kafka_topic:41 - Kafka topic: buzzline
2025-01-15 17:22:36.502 | INFO     | __main__:get_message_interval:48 - Message interval: 1 seconds
2025-01-15 17:22:36.502 | INFO     | utils.utils_producer:get_kafka_broker_address:50 - Kafka broker address: localhost:9092
2025-01-15 17:22:36.503 | INFO     | utils.utils_producer:create_kafka_producer:146 - Connecting to Kafka broker at localhost:9092...
2025-01-15 17:22:36.609 | INFO     | utils.utils_producer:create_kafka_producer:151 - Kafka producer successfully created.
2025-01-15 17:22:36.609 | INFO     | utils.utils_producer:get_kafka_broker_address:50 - Kafka broker address: localhost:9092
2025-01-15 17:22:36.926 | INFO     | utils.utils_producer:create_kafka_topic:176 - Creating 'buzzline'.
2025-01-15 17:22:37.026 | INFO     | utils.utils_producer:create_kafka_topic:181 - Topic 'buzzline' created successfully.
2025-01-15 17:22:37.027 | INFO     | __main__:main:119 - Kafka topic 'buzzline' is ready.
2025-01-15 17:22:37.027 | INFO     | __main__:main:125 - Starting message production to topic 'buzzline'...
2025-01-15 17:22:37.027 | INFO     | __main__:generate_messages:77 - Generated buzz: I love Python!
2025-01-15 17:22:37.032 | INFO     | __main__:generate_messages:79 - Sent message to topic 'buzzline': I love Python!
2025-01-15 17:22:38.032 | INFO     | __main__:generate_messages:77 - Generated buzz: Kafka is awesome.
2025-01-15 17:22:38.032 | INFO     | __main__:generate_messages:79 - Sent message to topic 'buzzline': Kafka is awesome.
2025-01-15 17:22:39.034 | INFO     | __main__:generate_messages:77 - Generated buzz: Streaming data is fun.
2025-01-15 17:22:39.035 | INFO     | __main__:generate_messages:79 - Sent message to topic 'buzzline': Streaming data is fun.
2025-01-15 17:22:40.037 | INFO     | __main__:generate_messages:77 - Generated buzz: This is a buzz message.
2025-01-15 17:22:40.038 | INFO     | __main__:generate_messages:79 - Sent message to topic 'buzzline': This is a buzz message.
2025-01-15 17:22:41.039 | INFO     | __main__:generate_messages:77 - Generated buzz: Have a great day!
2025-01-15 17:22:41.039 | INFO     | __main__:generate_messages:79 - Sent message to topic 'buzzline': Have a great day!
2025-01-15 17:22:42.041 | INFO     | __main__:generate_messages:77 - Generated buzz: I love Python!
2025-01-15 17:22:42.041 | INFO     | __main__:generate_messages:79 - Sent message to topic 'buzzline': I love Python!
2025-01-15 17:22:43.042 | INFO     | __main__:generate_messages:77 - Generated buzz: Kafka is awesome.
2025-01-15 17:22:43.043 | INFO     | __main__:generate_messages:79 - Sent message to topic 'buzzline': Kafka is awesome.
2025-01-15 17:22:44.044 | INFO     | __main__:generate_messages:77 - Generated buzz: Streaming data is fun.
2025-01-15 17:22:44.044 | INFO     | __main__:generate_messages:79 - Sent message to topic 'buzzline': Streaming data is fun.
2025-01-15 17:22:45.046 | INFO     | __main__:generate_messages:77 - Generated buzz: This is a buzz message.
2025-01-15 17:22:45.046 | INFO     | __main__:generate_messages:79 - Sent message to topic 'buzzline': This is a buzz message.
2025-01-15 17:22:46.048 | INFO     | __main__:generate_messages:77 - Generated buzz: Have a great day!
2025-01-15 17:22:46.048 | INFO     | __main__:generate_messages:79 - Sent message to topic 'buzzline': Have a great day!
2025-01-15 17:22:47.049 | INFO     | __main__:generate_messages:77 - Generated buzz: I love Python!
2025-01-15 17:22:47.050 | INFO     | __main__:generate_messages:79 - Sent message to topic 'buzzline': I love Python!
2025-01-15 17:22:48.051 | INFO     | __main__:generate_messages:77 - Generated buzz: Kafka is awesome.
2025-01-15 17:22:48.052 | INFO     | __main__:generate_messages:79 - Sent message to topic 'buzzline': Kafka is awesome.
2025-01-15 17:22:49.053 | INFO     | __main__:generate_messages:77 - Generated buzz: Streaming data is fun.
2025-01-15 17:22:49.053 | INFO     | __main__:generate_messages:79 - Sent message to topic 'buzzline': Streaming data is fun.
2025-01-15 17:22:50.055 | INFO     | __main__:generate_messages:77 - Generated buzz: This is a buzz message.
2025-01-15 17:22:50.055 | INFO     | __main__:generate_messages:79 - Sent message to topic 'buzzline': This is a buzz message.
2025-01-15 17:22:51.056 | INFO     | __main__:generate_messages:77 - Generated buzz: Have a great day!
2025-01-15 17:22:51.057 | INFO     | __main__:generate_messages:79 - Sent message to topic 'buzzline': Have a great day!
2025-01-15 17:22:52.058 | INFO     | __main__:generate_messages:77 - Generated buzz: I love Python!
2025-01-15 17:22:52.058 | INFO     | __main__:generate_messages:79 - Sent message to topic 'buzzline': I love Python!
2025-01-15 17:22:53.060 | INFO     | __main__:generate_messages:77 - Generated buzz: Kafka is awesome.
2025-01-15 17:22:53.060 | INFO     | __main__:generate_messages:79 - Sent message to topic 'buzzline': Kafka is awesome.
2025-01-15 17:22:54.062 | INFO     | __main__:generate_messages:77 - Generated buzz: Streaming data is fun.
2025-01-15 17:22:54.062 | INFO     | __main__:generate_messages:79 - Sent message to topic 'buzzline': Streaming data is fun.
2025-01-15 17:22:55.064 | INFO     | __main__:generate_messages:77 - Generated buzz: This is a buzz message.
2025-01-15 17:22:55.065 | INFO     | __main__:generate_messages:79 - Sent message to topic 'buzzline': This is a buzz message.
2025-01-15 17:22:56.066 | INFO     | __main__:generate_messages:77 - Generated buzz: Have a great day!
2025-01-15 17:22:56.066 | INFO     | __main__:generate_messages:79 - Sent message to topic 'buzzline': Have a great day!
2025-01-15 17:22:57.068 | INFO     | __main__:generate_messages:77 - Generated buzz: I love Python!
2025-01-15 17:22:57.069 | INFO     | __main__:generate_messages:79 - Sent message to topic 'buzzline': I love Python!
2025-01-15 17:22:58.070 | INFO     | __main__:generate_messages:77 - Generated buzz: Kafka is awesome.
2025-01-15 17:22:58.071 | INFO     | __main__:generate_messages:79 - Sent message to topic 'buzzline': Kafka is awesome.
2025-01-15 17:22:59.072 | INFO     | __main__:generate_messages:77 - Generated buzz: Streaming data is fun.
2025-01-15 17:22:59.073 | INFO     | __main__:generate_messages:79 - Sent message to topic 'buzzline': Streaming data is fun.
2025-01-15 17:23:00.074 | INFO     | __main__:generate_messages:77 - Generated buzz: This is a buzz message.
2025-01-15 17:23:00.074 | INFO     | __main__:generate_messages:79 - Sent message to topic 'buzzline': This is a buzz message.
2025-01-15 17:23:01.075 | INFO     | __main__:generate_messages:77 - Generated buzz: Have a great day!
2025-01-15 17:23:01.075 | INFO     | __main__:generate_messages:79 - Sent message to topic 'buzzline': Have a great day!
2025-01-15 17:23:02.076 | INFO     | __main__:generate_messages:77 - Generated buzz: I love Python!
2025-01-15 17:23:02.077 | INFO     | __main__:generate_messages:79 - Sent message to topic 'buzzline': I love Python!
2025-01-15 17:23:03.078 | INFO     | __main__:generate_messages:77 - Generated buzz: Kafka is awesome.
2025-01-15 17:23:03.079 | INFO     | __main__:generate_messages:79 - Sent message to topic 'buzzline': Kafka is awesome.
2025-01-15 17:23:04.080 | INFO     | __main__:generate_messages:77 - Generated buzz: Streaming data is fun.
2025-01-15 17:23:04.081 | INFO     | __main__:generate_messages:79 - Sent message to topic 'buzzline': Streaming data is fun.
2025-01-15 17:23:05.082 | INFO     | __main__:generate_messages:77 - Generated buzz: This is a buzz message.
2025-01-15 17:23:05.083 | INFO     | __main__:generate_messages:79 - Sent message to topic 'buzzline': This is a buzz message.
2025-01-15 17:23:06.084 | INFO     | __main__:generate_messages:77 - Generated buzz: Have a great day!
2025-01-15 17:23:06.085 | INFO     | __main__:generate_messages:79 - Sent message to topic 'buzzline': Have a great day!
2025-01-15 17:23:07.086 | INFO     | __main__:generate_messages:77 - Generated buzz: I love Python!
2025-01-15 17:23:07.087 | INFO     | __main__:generate_messages:79 - Sent message to topic 'buzzline': I love Python!
2025-01-15 17:23:08.088 | INFO     | __main__:generate_messages:77 - Generated buzz: Kafka is awesome.
2025-01-15 17:23:08.089 | INFO     | __main__:generate_messages:79 - Sent message to topic 'buzzline': Kafka is awesome.
2025-01-15 17:23:09.090 | INFO     | __main__:generate_messages:77 - Generated buzz: Streaming data is fun.
2025-01-15 17:23:09.090 | INFO     | __main__:generate_messages:79 - Sent message to topic 'buzzline': Streaming data is fun.
2025-01-15 17:23:10.091 | INFO     | __main__:generate_messages:77 - Generated buzz: This is a buzz message.
2025-01-15 17:23:10.092 | INFO     | __main__:generate_messages:79 - Sent message to topic 'buzzline': This is a buzz message.
2025-01-15 17:23:11.093 | INFO     | __main__:generate_messages:77 - Generated buzz: Have a great day!
2025-01-15 17:23:11.094 | INFO     | __main__:generate_messages:79 - Sent message to topic 'buzzline': Have a great day!
2025-01-15 17:23:12.095 | INFO     | __main__:generate_messages:77 - Generated buzz: I love Python!
2025-01-15 17:23:12.096 | INFO     | __main__:generate_messages:79 - Sent message to topic 'buzzline': I love Python!
2025-01-15 17:23:13.097 | INFO     | __main__:generate_messages:77 - Generated buzz: Kafka is awesome.
2025-01-15 17:23:13.097 | INFO     | __main__:generate_messages:79 - Sent message to topic 'buzzline': Kafka is awesome.
2025-01-15 17:23:14.099 | INFO     | __main__:generate_messages:77 - Generated buzz: Streaming data is fun.
2025-01-15 17:23:14.100 | INFO     | __main__:generate_messages:79 - Sent message to topic 'buzzline': Streaming data is fun.
2025-01-15 17:23:15.102 | INFO     | __main__:generate_messages:77 - Generated buzz: This is a buzz message.
2025-01-15 17:23:15.103 | INFO     | __main__:generate_messages:79 - Sent message to topic 'buzzline': This is a buzz message.
2025-01-15 17:23:16.104 | INFO     | __main__:generate_messages:77 - Generated buzz: Have a great day!
2025-01-15 17:23:16.106 | INFO     | __main__:generate_messages:79 - Sent message to topic 'buzzline': Have a great day!
2025-01-15 17:23:17.107 | INFO     | __main__:generate_messages:77 - Generated buzz: I love Python!
2025-01-15 17:23:17.107 | INFO     | __main__:generate_messages:79 - Sent message to topic 'buzzline': I love Python!
2025-01-15 17:23:18.109 | INFO     | __main__:generate_messages:77 - Generated buzz: Kafka is awesome.
2025-01-15 17:23:18.109 | INFO     | __main__:generate_messages:79 - Sent message to topic 'buzzline': Kafka is awesome.
2025-01-15 17:23:19.110 | INFO     | __main__:generate_messages:77 - Generated buzz: Streaming data is fun.
2025-01-15 17:23:19.112 | INFO     | __main__:generate_messages:79 - Sent message to topic 'buzzline': Streaming data is fun.
2025-01-15 17:23:20.113 | INFO     | __main__:generate_messages:77 - Generated buzz: This is a buzz message.
2025-01-15 17:23:20.113 | INFO     | __main__:generate_messages:79 - Sent message to topic 'buzzline': This is a buzz message.
2025-01-15 17:23:21.114 | INFO     | __main__:generate_messages:77 - Generated buzz: Have a great day!
2025-01-15 17:23:21.114 | INFO     | __main__:generate_messages:79 - Sent message to topic 'buzzline': Have a great day!
2025-01-15 17:23:22.116 | INFO     | __main__:generate_messages:77 - Generated buzz: I love Python!
2025-01-15 17:23:22.116 | INFO     | __main__:generate_messages:79 - Sent message to topic 'buzzline': I love Python!
2025-01-15 17:23:23.118 | INFO     | __main__:generate_messages:77 - Generated buzz: Kafka is awesome.
2025-01-15 17:23:23.118 | INFO     | __main__:generate_messages:79 - Sent message to topic 'buzzline': Kafka is awesome.
2025-01-15 17:23:24.119 | INFO     | __main__:generate_messages:77 - Generated buzz: Streaming data is fun.
2025-01-15 17:23:24.120 | INFO     | __main__:generate_messages:79 - Sent message to topic 'buzzline': Streaming data is fun.
2025-01-15 17:23:25.121 | INFO     | __main__:generate_messages:77 - Generated buzz: This is a buzz message.
2025-01-15 17:23:25.122 | INFO     | __main__:generate_messages:79 - Sent message to topic 'buzzline': This is a buzz message.
2025-01-15 17:23:26.124 | INFO     | __main__:generate_messages:77 - Generated buzz: Have a great day!
2025-01-15 17:23:26.124 | INFO     | __main__:generate_messages:79 - Sent message to topic 'buzzline': Have a great day!
2025-01-15 17:23:27.125 | INFO     | __main__:generate_messages:77 - Generated buzz: I love Python!
2025-01-15 17:23:27.125 | INFO     | __main__:generate_messages:79 - Sent message to topic 'buzzline': I love Python!
2025-01-15 17:23:28.127 | INFO     | __main__:generate_messages:77 - Generated buzz: Kafka is awesome.
2025-01-15 17:23:28.128 | INFO     | __main__:generate_messages:79 - Sent message to topic 'buzzline': Kafka is awesome.
2025-01-15 17:23:28.404 | INFO     | utils.utils_logger:<module>:38 - Logging to file: logs\project_log.log
2025-01-15 17:23:28.406 | INFO     | __main__:main:78 - START consumer.
2025-01-15 17:23:28.407 | INFO     | __main__:get_kafka_topic:35 - Kafka topic: buzzline
2025-01-15 17:23:28.407 | INFO     | __main__:get_kafka_consumer_group_id:42 - Kafka consumer group id: default_group
2025-01-15 17:23:28.407 | INFO     | __main__:main:83 - Consumer: Topic 'buzzline' and group 'default_group'...
2025-01-15 17:23:28.407 | INFO     | utils.utils_producer:get_kafka_broker_address:50 - Kafka broker address: localhost:9092
2025-01-15 17:23:28.407 | INFO     | utils.utils_consumer:create_kafka_consumer:44 - Creating Kafka consumer. Topic='buzzline' and group ID='default_group'.
2025-01-15 17:23:28.518 | INFO     | utils.utils_consumer:create_kafka_consumer:57 - Kafka consumer created successfully.
2025-01-15 17:23:28.519 | INFO     | __main__:main:89 - Polling messages from topic 'buzzline'...
2025-01-15 17:23:29.129 | INFO     | __main__:generate_messages:77 - Generated buzz: Streaming data is fun.
2025-01-15 17:23:29.129 | INFO     | __main__:generate_messages:79 - Sent message to topic 'buzzline': Streaming data is fun.
2025-01-15 17:23:29.561 | INFO     | __main__:process_message:62 - Processing message: I love Python!
2025-01-15 17:23:29.561 | INFO     | __main__:process_message:62 - Processing message: Kafka is awesome.
2025-01-15 17:23:29.561 | INFO     | __main__:process_message:62 - Processing message: Streaming data is fun.
2025-01-15 17:23:29.562 | INFO     | __main__:process_message:62 - Processing message: This is a buzz message.
2025-01-15 17:23:29.562 | INFO     | __main__:process_message:62 - Processing message: Have a great day!
2025-01-15 17:23:29.562 | INFO     | __main__:process_message:62 - Processing message: I love Python!
2025-01-15 17:23:29.563 | INFO     | __main__:process_message:62 - Processing message: Kafka is awesome.
2025-01-15 17:23:29.563 | INFO     | __main__:process_message:62 - Processing message: Streaming data is fun.
2025-01-15 17:23:29.565 | INFO     | __main__:process_message:62 - Processing message: This is a buzz message.
2025-01-15 17:23:29.565 | INFO     | __main__:process_message:62 - Processing message: Have a great day!
2025-01-15 17:23:29.565 | INFO     | __main__:process_message:62 - Processing message: I love Python!
2025-01-15 17:23:29.566 | INFO     | __main__:process_message:62 - Processing message: Kafka is awesome.
2025-01-15 17:23:29.566 | INFO     | __main__:process_message:62 - Processing message: Streaming data is fun.
2025-01-15 17:23:29.567 | INFO     | __main__:process_message:62 - Processing message: This is a buzz message.
2025-01-15 17:23:29.567 | INFO     | __main__:process_message:62 - Processing message: Have a great day!
2025-01-15 17:23:29.568 | INFO     | __main__:process_message:62 - Processing message: I love Python!
2025-01-15 17:23:29.568 | INFO     | __main__:process_message:62 - Processing message: Kafka is awesome.
2025-01-15 17:23:29.568 | INFO     | __main__:process_message:62 - Processing message: Streaming data is fun.
2025-01-15 17:23:29.569 | INFO     | __main__:process_message:62 - Processing message: This is a buzz message.
2025-01-15 17:23:29.569 | INFO     | __main__:process_message:62 - Processing message: Have a great day!
2025-01-15 17:23:29.571 | INFO     | __main__:process_message:62 - Processing message: I love Python!
2025-01-15 17:23:29.571 | INFO     | __main__:process_message:62 - Processing message: Kafka is awesome.
2025-01-15 17:23:29.572 | INFO     | __main__:process_message:62 - Processing message: Streaming data is fun.
2025-01-15 17:23:29.572 | INFO     | __main__:process_message:62 - Processing message: This is a buzz message.
2025-01-15 17:23:29.573 | INFO     | __main__:process_message:62 - Processing message: Have a great day!
2025-01-15 17:23:29.573 | INFO     | __main__:process_message:62 - Processing message: I love Python!
2025-01-15 17:23:29.574 | INFO     | __main__:process_message:62 - Processing message: Kafka is awesome.
2025-01-15 17:23:29.574 | INFO     | __main__:process_message:62 - Processing message: Streaming data is fun.
2025-01-15 17:23:29.576 | INFO     | __main__:process_message:62 - Processing message: This is a buzz message.
2025-01-15 17:23:29.576 | INFO     | __main__:process_message:62 - Processing message: Have a great day!
2025-01-15 17:23:29.577 | INFO     | __main__:process_message:62 - Processing message: I love Python!
2025-01-15 17:23:29.577 | INFO     | __main__:process_message:62 - Processing message: Kafka is awesome.
2025-01-15 17:23:29.577 | INFO     | __main__:process_message:62 - Processing message: Streaming data is fun.
2025-01-15 17:23:29.578 | INFO     | __main__:process_message:62 - Processing message: This is a buzz message.
2025-01-15 17:23:29.578 | INFO     | __main__:process_message:62 - Processing message: Have a great day!
2025-01-15 17:23:29.579 | INFO     | __main__:process_message:62 - Processing message: I love Python!
2025-01-15 17:23:29.579 | INFO     | __main__:process_message:62 - Processing message: Kafka is awesome.
2025-01-15 17:23:29.580 | INFO     | __main__:process_message:62 - Processing message: Streaming data is fun.
2025-01-15 17:23:29.580 | INFO     | __main__:process_message:62 - Processing message: This is a buzz message.
2025-01-15 17:23:29.581 | INFO     | __main__:process_message:62 - Processing message: Have a great day!
2025-01-15 17:23:29.581 | INFO     | __main__:process_message:62 - Processing message: I love Python!
2025-01-15 17:23:29.582 | INFO     | __main__:process_message:62 - Processing message: Kafka is awesome.
2025-01-15 17:23:29.582 | INFO     | __main__:process_message:62 - Processing message: Streaming data is fun.
2025-01-15 17:23:29.582 | INFO     | __main__:process_message:62 - Processing message: This is a buzz message.
2025-01-15 17:23:29.583 | INFO     | __main__:process_message:62 - Processing message: Have a great day!
2025-01-15 17:23:29.583 | INFO     | __main__:process_message:62 - Processing message: I love Python!
2025-01-15 17:23:29.583 | INFO     | __main__:process_message:62 - Processing message: Kafka is awesome.
2025-01-15 17:23:29.584 | INFO     | __main__:process_message:62 - Processing message: Streaming data is fun.
2025-01-15 17:23:29.584 | INFO     | __main__:process_message:62 - Processing message: This is a buzz message.
2025-01-15 17:23:29.584 | INFO     | __main__:process_message:62 - Processing message: Have a great day!
2025-01-15 17:23:29.585 | INFO     | __main__:process_message:62 - Processing message: I love Python!
2025-01-15 17:23:29.585 | INFO     | __main__:process_message:62 - Processing message: Kafka is awesome.
2025-01-15 17:23:29.586 | INFO     | __main__:process_message:62 - Processing message: Streaming data is fun.
2025-01-15 17:23:30.131 | INFO     | __main__:generate_messages:77 - Generated buzz: This is a buzz message.
2025-01-15 17:23:30.131 | INFO     | __main__:generate_messages:79 - Sent message to topic 'buzzline': This is a buzz message.
2025-01-15 17:23:30.135 | INFO     | __main__:process_message:62 - Processing message: This is a buzz message.
2025-01-15 17:23:31.132 | INFO     | __main__:generate_messages:77 - Generated buzz: Have a great day!
2025-01-15 17:23:31.133 | INFO     | __main__:generate_messages:79 - Sent message to topic 'buzzline': Have a great day!
2025-01-15 17:23:31.137 | INFO     | __main__:process_message:62 - Processing message: Have a great day!
2025-01-15 17:23:32.134 | INFO     | __main__:generate_messages:77 - Generated buzz: I love Python!
2025-01-15 17:23:32.134 | INFO     | __main__:generate_messages:79 - Sent message to topic 'buzzline': I love Python!
2025-01-15 17:23:32.139 | INFO     | __main__:process_message:62 - Processing message: I love Python!
2025-01-15 17:23:33.136 | INFO     | __main__:generate_messages:77 - Generated buzz: Kafka is awesome.
2025-01-15 17:23:33.136 | INFO     | __main__:generate_messages:79 - Sent message to topic 'buzzline': Kafka is awesome.
2025-01-15 17:23:33.141 | INFO     | __main__:process_message:62 - Processing message: Kafka is awesome.
2025-01-15 17:23:34.138 | INFO     | __main__:generate_messages:77 - Generated buzz: Streaming data is fun.
2025-01-15 17:23:34.139 | INFO     | __main__:generate_messages:79 - Sent message to topic 'buzzline': Streaming data is fun.
2025-01-15 17:23:34.142 | INFO     | __main__:process_message:62 - Processing message: Streaming data is fun.
2025-01-15 17:23:35.139 | INFO     | __main__:generate_messages:77 - Generated buzz: This is a buzz message.
2025-01-15 17:23:35.140 | INFO     | __main__:generate_messages:79 - Sent message to topic 'buzzline': This is a buzz message.
2025-01-15 17:23:35.143 | INFO     | __main__:process_message:62 - Processing message: This is a buzz message.
2025-01-15 17:23:36.141 | INFO     | __main__:generate_messages:77 - Generated buzz: Have a great day!
2025-01-15 17:23:36.141 | INFO     | __main__:generate_messages:79 - Sent message to topic 'buzzline': Have a great day!
2025-01-15 17:23:36.145 | INFO     | __main__:process_message:62 - Processing message: Have a great day!
2025-01-15 17:23:37.143 | INFO     | __main__:generate_messages:77 - Generated buzz: I love Python!
2025-01-15 17:23:37.144 | INFO     | __main__:generate_messages:79 - Sent message to topic 'buzzline': I love Python!
2025-01-15 17:23:37.147 | INFO     | __main__:process_message:62 - Processing message: I love Python!
2025-01-15 17:23:38.144 | INFO     | __main__:generate_messages:77 - Generated buzz: Kafka is awesome.
2025-01-15 17:23:38.145 | INFO     | __main__:generate_messages:79 - Sent message to topic 'buzzline': Kafka is awesome.
2025-01-15 17:23:38.149 | INFO     | __main__:process_message:62 - Processing message: Kafka is awesome.
2025-01-15 17:23:39.146 | INFO     | __main__:generate_messages:77 - Generated buzz: Streaming data is fun.
2025-01-15 17:23:39.147 | INFO     | __main__:generate_messages:79 - Sent message to topic 'buzzline': Streaming data is fun.
2025-01-15 17:23:39.150 | INFO     | __main__:process_message:62 - Processing message: Streaming data is fun.
2025-01-15 17:23:40.148 | INFO     | __main__:generate_messages:77 - Generated buzz: This is a buzz message.
2025-01-15 17:23:40.148 | INFO     | __main__:generate_messages:79 - Sent message to topic 'buzzline': This is a buzz message.
2025-01-15 17:23:40.152 | INFO     | __main__:process_message:62 - Processing message: This is a buzz message.
2025-01-15 17:23:41.149 | INFO     | __main__:generate_messages:77 - Generated buzz: Have a great day!
2025-01-15 17:23:41.150 | INFO     | __main__:generate_messages:79 - Sent message to topic 'buzzline': Have a great day!
2025-01-15 17:23:41.153 | INFO     | __main__:process_message:62 - Processing message: Have a great day!
2025-01-15 17:23:42.151 | INFO     | __main__:generate_messages:77 - Generated buzz: I love Python!
2025-01-15 17:23:42.152 | INFO     | __main__:generate_messages:79 - Sent message to topic 'buzzline': I love Python!
2025-01-15 17:23:42.158 | INFO     | __main__:process_message:62 - Processing message: I love Python!
2025-01-15 17:23:43.153 | INFO     | __main__:generate_messages:77 - Generated buzz: Kafka is awesome.
2025-01-15 17:23:43.153 | INFO     | __main__:generate_messages:79 - Sent message to topic 'buzzline': Kafka is awesome.
2025-01-15 17:23:43.158 | INFO     | __main__:process_message:62 - Processing message: Kafka is awesome.
2025-01-15 17:23:44.155 | INFO     | __main__:generate_messages:77 - Generated buzz: Streaming data is fun.
2025-01-15 17:23:44.156 | INFO     | __main__:generate_messages:79 - Sent message to topic 'buzzline': Streaming data is fun.
2025-01-15 17:23:44.160 | INFO     | __main__:process_message:62 - Processing message: Streaming data is fun.
2025-01-15 17:23:45.157 | INFO     | __main__:generate_messages:77 - Generated buzz: This is a buzz message.
2025-01-15 17:23:45.158 | INFO     | __main__:generate_messages:79 - Sent message to topic 'buzzline': This is a buzz message.
2025-01-15 17:23:45.163 | INFO     | __main__:process_message:62 - Processing message: This is a buzz message.
2025-01-15 17:23:46.159 | INFO     | __main__:generate_messages:77 - Generated buzz: Have a great day!
2025-01-15 17:23:46.160 | INFO     | __main__:generate_messages:79 - Sent message to topic 'buzzline': Have a great day!
2025-01-15 17:23:46.163 | INFO     | __main__:process_message:62 - Processing message: Have a great day!
2025-01-15 17:23:47.160 | INFO     | __main__:generate_messages:77 - Generated buzz: I love Python!
2025-01-15 17:23:47.160 | INFO     | __main__:generate_messages:79 - Sent message to topic 'buzzline': I love Python!
2025-01-15 17:23:47.165 | INFO     | __main__:process_message:62 - Processing message: I love Python!
2025-01-15 17:23:48.162 | INFO     | __main__:generate_messages:77 - Generated buzz: Kafka is awesome.
2025-01-15 17:23:48.163 | INFO     | __main__:generate_messages:79 - Sent message to topic 'buzzline': Kafka is awesome.
2025-01-15 17:23:48.167 | INFO     | __main__:process_message:62 - Processing message: Kafka is awesome.
2025-01-15 17:23:49.164 | INFO     | __main__:generate_messages:77 - Generated buzz: Streaming data is fun.
2025-01-15 17:23:49.165 | INFO     | __main__:generate_messages:79 - Sent message to topic 'buzzline': Streaming data is fun.
2025-01-15 17:23:49.167 | INFO     | __main__:process_message:62 - Processing message: Streaming data is fun.
2025-01-15 17:23:50.166 | INFO     | __main__:generate_messages:77 - Generated buzz: This is a buzz message.
2025-01-15 17:23:50.167 | INFO     | __main__:generate_messages:79 - Sent message to topic 'buzzline': This is a buzz message.
2025-01-15 17:23:50.170 | INFO     | __main__:process_message:62 - Processing message: This is a buzz message.
2025-01-15 17:23:51.062 | WARNING  | __main__:generate_messages:82 - Producer interrupted by user.
2025-01-15 17:23:51.063 | INFO     | __main__:generate_messages:87 - Kafka producer closed.
2025-01-15 17:23:51.063 | INFO     | __main__:main:128 - END producer.
2025-01-15 17:23:53.796 | WARNING  | __main__:main:96 - Consumer interrupted by user.
2025-01-15 17:23:53.808 | INFO     | __main__:main:101 - Kafka consumer for topic 'buzzline' closed.
2025-01-15 17:23:53.809 | INFO     | __main__:main:103 - END consumer for topic 'buzzline' and group 'default_group'.
2025-01-24 14:59:03.312 | INFO     | utils.utils_logger:<module>:38 - Logging to file: logs\project_log.log
2025-01-24 14:59:03.328 | INFO     | __main__:main:78 - START consumer.
2025-01-24 14:59:03.328 | INFO     | __main__:get_kafka_topic:35 - Kafka topic: buzzline
2025-01-24 14:59:03.328 | INFO     | __main__:get_kafka_consumer_group_id:42 - Kafka consumer group id: default_group
2025-01-24 14:59:03.329 | INFO     | __main__:main:83 - Consumer: Topic 'buzzline' and group 'default_group'...
2025-01-24 14:59:03.329 | INFO     | utils.utils_producer:get_kafka_broker_address:50 - Kafka broker address: localhost:9092
2025-01-24 14:59:03.329 | INFO     | utils.utils_consumer:create_kafka_consumer:44 - Creating Kafka consumer. Topic='buzzline' and group ID='default_group'.
2025-01-24 14:59:03.456 | INFO     | utils.utils_consumer:create_kafka_consumer:57 - Kafka consumer created successfully.
2025-01-24 14:59:03.457 | INFO     | __main__:main:89 - Polling messages from topic 'buzzline'...
2025-01-24 14:59:33.947 | INFO     | utils.utils_logger:<module>:38 - Logging to file: logs\project_log.log
2025-01-24 14:59:33.949 | INFO     | __main__:main:103 - START producer.
2025-01-24 14:59:33.949 | INFO     | utils.utils_producer:get_zookeeper_address:57 - Zookeeper address: localhost:2181
2025-01-24 14:59:33.954 | INFO     | utils.utils_producer:check_zookeeper_service_is_ready:79 - Zookeeper is ready at localhost:2181.
2025-01-24 14:59:33.954 | INFO     | utils.utils_producer:get_kafka_broker_address:50 - Kafka broker address: localhost:9092
2025-01-24 14:59:34.273 | INFO     | utils.utils_producer:check_kafka_service_is_ready:98 - Kafka is ready. Brokers: {'throttle_time_ms': 0, 'brokers': [{'node_id': 0, 'host': 'localhost', 'port': 9092, 'rack': None}], 'cluster_id': 'VEcghSriSHi0MGSlhHxppg', 'controller_id': 0}
2025-01-24 14:59:34.274 | INFO     | __main__:get_kafka_topic:41 - Kafka topic: buzzline
2025-01-24 14:59:34.274 | INFO     | __main__:get_message_interval:48 - Message interval: 1 seconds
2025-01-24 14:59:34.275 | INFO     | utils.utils_producer:get_kafka_broker_address:50 - Kafka broker address: localhost:9092
2025-01-24 14:59:34.275 | INFO     | utils.utils_producer:create_kafka_producer:146 - Connecting to Kafka broker at localhost:9092...
2025-01-24 14:59:34.381 | INFO     | utils.utils_producer:create_kafka_producer:151 - Kafka producer successfully created.
2025-01-24 14:59:34.382 | INFO     | utils.utils_producer:get_kafka_broker_address:50 - Kafka broker address: localhost:9092
2025-01-24 14:59:34.701 | INFO     | utils.utils_producer:create_kafka_topic:172 - Topic 'buzzline' already exists. Clearing it out...
2025-01-24 14:59:34.701 | INFO     | utils.utils_producer:get_kafka_broker_address:50 - Kafka broker address: localhost:9092
2025-01-24 14:59:35.064 | ERROR    | utils.utils_producer:clear_kafka_topic:235 - Error managing retention for topic 'buzzline': list indices must be integers or slices, not ConfigResource
2025-01-24 14:59:35.065 | INFO     | __main__:main:119 - Kafka topic 'buzzline' is ready.
2025-01-24 14:59:35.065 | INFO     | __main__:main:125 - Starting message production to topic 'buzzline'...
2025-01-24 14:59:35.067 | INFO     | __main__:generate_messages:77 - Generated buzz: I love Python!
2025-01-24 14:59:35.068 | INFO     | __main__:generate_messages:79 - Sent message to topic 'buzzline': I love Python!
2025-01-24 14:59:35.076 | INFO     | __main__:process_message:62 - Processing message: I love Python!
2025-01-24 14:59:36.068 | INFO     | __main__:generate_messages:77 - Generated buzz: Kafka is awesome.
2025-01-24 14:59:36.068 | INFO     | __main__:generate_messages:79 - Sent message to topic 'buzzline': Kafka is awesome.
2025-01-24 14:59:36.072 | INFO     | __main__:process_message:62 - Processing message: Kafka is awesome.
2025-01-24 14:59:37.070 | INFO     | __main__:generate_messages:77 - Generated buzz: Streaming data is fun.
2025-01-24 14:59:37.070 | INFO     | __main__:generate_messages:79 - Sent message to topic 'buzzline': Streaming data is fun.
2025-01-24 14:59:37.073 | INFO     | __main__:process_message:62 - Processing message: Streaming data is fun.
2025-01-24 14:59:38.071 | INFO     | __main__:generate_messages:77 - Generated buzz: This is a buzz message.
2025-01-24 14:59:38.071 | INFO     | __main__:generate_messages:79 - Sent message to topic 'buzzline': This is a buzz message.
2025-01-24 14:59:38.075 | INFO     | __main__:process_message:62 - Processing message: This is a buzz message.
2025-01-24 14:59:39.073 | INFO     | __main__:generate_messages:77 - Generated buzz: Have a great day!
2025-01-24 14:59:39.073 | INFO     | __main__:generate_messages:79 - Sent message to topic 'buzzline': Have a great day!
2025-01-24 14:59:39.076 | INFO     | __main__:process_message:62 - Processing message: Have a great day!
2025-01-24 14:59:40.074 | INFO     | __main__:generate_messages:77 - Generated buzz: I love Python!
2025-01-24 14:59:40.074 | INFO     | __main__:generate_messages:79 - Sent message to topic 'buzzline': I love Python!
2025-01-24 14:59:40.077 | INFO     | __main__:process_message:62 - Processing message: I love Python!
2025-01-24 14:59:41.076 | INFO     | __main__:generate_messages:77 - Generated buzz: Kafka is awesome.
2025-01-24 14:59:41.076 | INFO     | __main__:generate_messages:79 - Sent message to topic 'buzzline': Kafka is awesome.
2025-01-24 14:59:41.079 | INFO     | __main__:process_message:62 - Processing message: Kafka is awesome.
2025-01-24 14:59:42.077 | INFO     | __main__:generate_messages:77 - Generated buzz: Streaming data is fun.
2025-01-24 14:59:42.077 | INFO     | __main__:generate_messages:79 - Sent message to topic 'buzzline': Streaming data is fun.
2025-01-24 14:59:42.080 | INFO     | __main__:process_message:62 - Processing message: Streaming data is fun.
2025-01-24 14:59:43.078 | INFO     | __main__:generate_messages:77 - Generated buzz: This is a buzz message.
2025-01-24 14:59:43.078 | INFO     | __main__:generate_messages:79 - Sent message to topic 'buzzline': This is a buzz message.
2025-01-24 14:59:43.082 | INFO     | __main__:process_message:62 - Processing message: This is a buzz message.
2025-01-24 14:59:44.002 | WARNING  | __main__:main:96 - Consumer interrupted by user.
2025-01-24 14:59:44.009 | INFO     | __main__:main:101 - Kafka consumer for topic 'buzzline' closed.
2025-01-24 14:59:44.009 | INFO     | __main__:main:103 - END consumer for topic 'buzzline' and group 'default_group'.
2025-01-24 14:59:44.080 | INFO     | __main__:generate_messages:77 - Generated buzz: Have a great day!
2025-01-24 14:59:44.081 | INFO     | __main__:generate_messages:79 - Sent message to topic 'buzzline': Have a great day!
2025-01-24 14:59:45.082 | INFO     | __main__:generate_messages:77 - Generated buzz: I love Python!
2025-01-24 14:59:45.082 | INFO     | __main__:generate_messages:79 - Sent message to topic 'buzzline': I love Python!
2025-01-24 14:59:46.083 | INFO     | __main__:generate_messages:77 - Generated buzz: Kafka is awesome.
2025-01-24 14:59:46.084 | INFO     | __main__:generate_messages:79 - Sent message to topic 'buzzline': Kafka is awesome.
2025-01-24 14:59:46.400 | WARNING  | __main__:generate_messages:82 - Producer interrupted by user.
2025-01-24 14:59:46.401 | INFO     | __main__:generate_messages:87 - Kafka producer closed.
2025-01-24 14:59:46.401 | INFO     | __main__:main:128 - END producer.
